<?xml version="1.0" encoding="UTF-8"?>
<coverage generated="1749132795416" clover="3.2.0">
  <project timestamp="1749132795416" name="All files">
    <metrics statements="187" coveredstatements="161" conditionals="209" coveredconditionals="134" methods="10" coveredmethods="8" elements="406" coveredelements="303" complexity="0" loc="187" ncloc="187" packages="1" files="1" classes="1"/>
    <file name="FactoryiqOpcUa.node.ts" path="/Users/boris/fiq-n8n/custom-nodes/n8n-nodes-fiq-opcua/nodes/FactoryIQ/OpcUa/FactoryiqOpcUa.node.ts">
      <metrics statements="187" coveredstatements="161" conditionals="209" coveredconditionals="134" methods="10" coveredmethods="8"/>
      <line num="9" count="42" type="stmt"/>
      <line num="12" count="42" type="stmt"/>
      <line num="13" count="55" type="stmt"/>
      <line num="196" count="21" type="cond" truecount="16" falsecount="0"/>
      <line num="197" count="1" type="stmt"/>
      <line num="198" count="1" type="stmt"/>
      <line num="199" count="1" type="stmt"/>
      <line num="200" count="1" type="stmt"/>
      <line num="201" count="1" type="stmt"/>
      <line num="202" count="1" type="stmt"/>
      <line num="203" count="1" type="stmt"/>
      <line num="204" count="1" type="stmt"/>
      <line num="205" count="1" type="stmt"/>
      <line num="206" count="1" type="stmt"/>
      <line num="207" count="4" type="stmt"/>
      <line num="208" count="1" type="stmt"/>
      <line num="209" count="2" type="stmt"/>
      <line num="210" count="1" type="stmt"/>
      <line num="211" count="2" type="stmt"/>
      <line num="212" count="1" type="stmt"/>
      <line num="217" count="21" type="cond" truecount="16" falsecount="0"/>
      <line num="219" count="1" type="cond" truecount="1" falsecount="3"/>
      <line num="221" count="1" type="cond" truecount="1" falsecount="1"/>
      <line num="223" count="1" type="cond" truecount="1" falsecount="1"/>
      <line num="225" count="1" type="cond" truecount="1" falsecount="1"/>
      <line num="227" count="1" type="cond" truecount="1" falsecount="1"/>
      <line num="229" count="1" type="cond" truecount="1" falsecount="1"/>
      <line num="231" count="1" type="cond" truecount="1" falsecount="1"/>
      <line num="233" count="1" type="cond" truecount="1" falsecount="1"/>
      <line num="235" count="1" type="cond" truecount="1" falsecount="1"/>
      <line num="237" count="1" type="cond" truecount="1" falsecount="1"/>
      <line num="239" count="4" type="cond" truecount="1" falsecount="1"/>
      <line num="241" count="1" type="stmt"/>
      <line num="243" count="2" type="stmt"/>
      <line num="245" count="1" type="stmt"/>
      <line num="247" count="2" type="stmt"/>
      <line num="249" count="1" type="stmt"/>
      <line num="254" count="55" type="stmt"/>
      <line num="255" count="55" type="stmt"/>
      <line num="256" count="55" type="stmt"/>
      <line num="258" count="55" type="cond" truecount="2" falsecount="0"/>
      <line num="259" count="27" type="stmt"/>
      <line num="260" count="27" type="cond" truecount="1" falsecount="1"/>
      <line num="261" count="27" type="cond" truecount="4" falsecount="0"/>
      <line num="262" count="1" type="stmt"/>
      <line num="264" count="26" type="stmt"/>
      <line num="266" count="26" type="cond" truecount="1" falsecount="0"/>
      <line num="267" count="1" type="stmt"/>
      <line num="275" count="50" type="stmt"/>
      <line num="277" count="25" type="stmt"/>
      <line num="278" count="25" type="cond" truecount="1" falsecount="1"/>
      <line num="279" count="25" type="cond" truecount="1" falsecount="1"/>
      <line num="280" count="25" type="cond" truecount="1" falsecount="1"/>
      <line num="285" count="25" type="cond" truecount="6" falsecount="0"/>
      <line num="287" count="3" type="stmt"/>
      <line num="288" count="3" type="stmt"/>
      <line num="290" count="3" type="stmt"/>
      <line num="291" count="3" type="stmt"/>
      <line num="293" count="3" type="stmt"/>
      <line num="294" count="3" type="stmt"/>
      <line num="296" count="3" type="stmt"/>
      <line num="297" count="3" type="stmt"/>
      <line num="299" count="3" type="stmt"/>
      <line num="300" count="3" type="stmt"/>
      <line num="302" count="10" type="stmt"/>
      <line num="305" count="25" type="cond" truecount="4" falsecount="0"/>
      <line num="307" count="6" type="stmt"/>
      <line num="308" count="6" type="stmt"/>
      <line num="311" count="6" type="stmt"/>
      <line num="312" count="6" type="stmt"/>
      <line num="314" count="13" type="stmt"/>
      <line num="317" count="25" type="stmt"/>
      <line num="333" count="25" type="cond" truecount="1" falsecount="0"/>
      <line num="334" count="1" type="cond" truecount="2" falsecount="2"/>
      <line num="335" count="0" type="stmt"/>
      <line num="336" count="0" type="stmt"/>
      <line num="338" count="1" type="stmt"/>
      <line num="342" count="24" type="stmt"/>
      <line num="345" count="24" type="stmt"/>
      <line num="346" count="24" type="stmt"/>
      <line num="348" count="23" type="cond" truecount="1" falsecount="1"/>
      <line num="349" count="0" type="stmt"/>
      <line num="354" count="23" type="cond" truecount="1" falsecount="1"/>
      <line num="355" count="0" type="stmt"/>
      <line num="361" count="23" type="stmt"/>
      <line num="363" count="23" type="stmt"/>
      <line num="365" count="1" type="stmt"/>
      <line num="366" count="1" type="stmt"/>
      <line num="369" count="23" type="stmt"/>
      <line num="370" count="23" type="stmt"/>
      <line num="371" count="23" type="stmt"/>
      <line num="372" count="23" type="stmt"/>
      <line num="373" count="23" type="stmt"/>
      <line num="374" count="23" type="cond" truecount="4" falsecount="0"/>
      <line num="375" count="1" type="stmt"/>
      <line num="384" count="1" type="stmt"/>
      <line num="386" count="22" type="stmt"/>
      <line num="395" count="22" type="stmt"/>
      <line num="399" count="0" type="stmt"/>
      <line num="401" count="23" type="stmt"/>
      <line num="402" count="23" type="cond" truecount="1" falsecount="0"/>
      <line num="403" count="23" type="stmt"/>
      <line num="405" count="22" type="stmt"/>
      <line num="408" count="23" type="stmt"/>
      <line num="409" count="28" type="cond" truecount="2" falsecount="0"/>
      <line num="410" count="27" type="stmt"/>
      <line num="411" count="27" type="stmt"/>
      <line num="414" count="27" type="cond" truecount="2" falsecount="0"/>
      <line num="415" count="23" type="stmt"/>
      <line num="416" count="23" type="stmt"/>
      <line num="417" count="23" type="cond" truecount="3" falsecount="0"/>
      <line num="418" count="1" type="stmt"/>
      <line num="420" count="4" type="cond" truecount="2" falsecount="0"/>
      <line num="423" count="1" type="stmt"/>
      <line num="426" count="25" type="stmt"/>
      <line num="428" count="25" type="cond" truecount="0" falsecount="1"/>
      <line num="429" count="0" type="stmt"/>
      <line num="432" count="50" type="stmt"/>
      <line num="434" count="25" type="stmt"/>
      <line num="435" count="25" type="cond" truecount="1" falsecount="1"/>
      <line num="436" count="25" type="cond" truecount="1" falsecount="1"/>
      <line num="437" count="25" type="cond" truecount="1" falsecount="1"/>
      <line num="442" count="25" type="cond" truecount="1" falsecount="5"/>
      <line num="444" count="0" type="stmt"/>
      <line num="445" count="0" type="stmt"/>
      <line num="447" count="0" type="stmt"/>
      <line num="448" count="0" type="stmt"/>
      <line num="450" count="0" type="stmt"/>
      <line num="451" count="0" type="stmt"/>
      <line num="453" count="0" type="stmt"/>
      <line num="454" count="0" type="stmt"/>
      <line num="456" count="0" type="stmt"/>
      <line num="457" count="0" type="stmt"/>
      <line num="459" count="25" type="stmt"/>
      <line num="462" count="25" type="cond" truecount="1" falsecount="3"/>
      <line num="464" count="0" type="stmt"/>
      <line num="465" count="0" type="stmt"/>
      <line num="468" count="0" type="stmt"/>
      <line num="469" count="0" type="stmt"/>
      <line num="471" count="25" type="stmt"/>
      <line num="474" count="25" type="stmt"/>
      <line num="490" count="25" type="cond" truecount="1" falsecount="0"/>
      <line num="491" count="1" type="cond" truecount="2" falsecount="2"/>
      <line num="492" count="0" type="stmt"/>
      <line num="493" count="0" type="stmt"/>
      <line num="495" count="1" type="stmt"/>
      <line num="499" count="24" type="stmt"/>
      <line num="502" count="24" type="stmt"/>
      <line num="503" count="24" type="stmt"/>
      <line num="505" count="24" type="cond" truecount="1" falsecount="1"/>
      <line num="506" count="0" type="stmt"/>
      <line num="511" count="24" type="cond" truecount="1" falsecount="1"/>
      <line num="512" count="0" type="stmt"/>
      <line num="518" count="24" type="stmt"/>
      <line num="520" count="24" type="stmt"/>
      <line num="522" count="0" type="stmt"/>
      <line num="523" count="0" type="stmt"/>
      <line num="526" count="24" type="stmt"/>
      <line num="527" count="24" type="cond" truecount="2" falsecount="0"/>
      <line num="528" count="21" type="stmt"/>
      <line num="529" count="21" type="stmt"/>
      <line num="530" count="21" type="stmt"/>
      <line num="531" count="21" type="stmt"/>
      <line num="532" count="21" type="stmt"/>
      <line num="533" count="21" type="stmt"/>
      <line num="535" count="21" type="stmt"/>
      <line num="540" count="21" type="stmt"/>
      <line num="541" count="20" type="stmt"/>
      <line num="550" count="20" type="stmt"/>
      <line num="551" count="3" type="cond" truecount="1" falsecount="0"/>
      <line num="552" count="3" type="stmt"/>
      <line num="553" count="3" type="stmt"/>
      <line num="554" count="3" type="stmt"/>
      <line num="555" count="3" type="stmt"/>
      <line num="556" count="3" type="cond" truecount="1" falsecount="0"/>
      <line num="562" count="1" type="stmt"/>
      <line num="567" count="3" type="stmt"/>
      <line num="572" count="3" type="stmt"/>
      <line num="573" count="2" type="stmt"/>
      <line num="582" count="2" type="stmt"/>
      <line num="585" count="2" type="stmt"/>
      <line num="587" count="24" type="stmt"/>
      <line num="588" count="24" type="cond" truecount="1" falsecount="0"/>
      <line num="589" count="24" type="stmt"/>
      <line num="591" count="23" type="stmt"/>
      <line num="595" count="22" type="stmt"/>
      <line num="597" count="1" type="stmt"/>
    </file>
  </project>
</coverage>
