<?xml version="1.0" encoding="UTF-8"?>
<coverage generated="1749131381973" clover="3.2.0">
  <project timestamp="1749131381973" name="All files">
    <metrics statements="187" coveredstatements="161" conditionals="209" coveredconditionals="134" methods="10" coveredmethods="8" elements="406" coveredelements="303" complexity="0" loc="187" ncloc="187" packages="1" files="1" classes="1"/>
    <file name="OpcUa.node.ts" path="/Users/boris/fiq-n8n/custom-nodes/n8n-nodes-fiq-opcua/nodes/FactoryIQ/OpcUa/OpcUa.node.ts">
      <metrics statements="187" coveredstatements="161" conditionals="209" coveredconditionals="134" methods="10" coveredmethods="8"/>
      <line num="9" count="42" type="stmt"/>
      <line num="12" count="42" type="stmt"/>
      <line num="13" count="55" type="stmt"/>
      <line num="202" count="21" type="cond" truecount="16" falsecount="0"/>
      <line num="203" count="1" type="stmt"/>
      <line num="204" count="1" type="stmt"/>
      <line num="205" count="1" type="stmt"/>
      <line num="206" count="1" type="stmt"/>
      <line num="207" count="1" type="stmt"/>
      <line num="208" count="1" type="stmt"/>
      <line num="209" count="1" type="stmt"/>
      <line num="210" count="1" type="stmt"/>
      <line num="211" count="1" type="stmt"/>
      <line num="212" count="1" type="stmt"/>
      <line num="213" count="4" type="stmt"/>
      <line num="214" count="1" type="stmt"/>
      <line num="215" count="2" type="stmt"/>
      <line num="216" count="1" type="stmt"/>
      <line num="217" count="2" type="stmt"/>
      <line num="218" count="1" type="stmt"/>
      <line num="223" count="21" type="cond" truecount="16" falsecount="0"/>
      <line num="225" count="1" type="cond" truecount="1" falsecount="3"/>
      <line num="227" count="1" type="cond" truecount="1" falsecount="1"/>
      <line num="229" count="1" type="cond" truecount="1" falsecount="1"/>
      <line num="231" count="1" type="cond" truecount="1" falsecount="1"/>
      <line num="233" count="1" type="cond" truecount="1" falsecount="1"/>
      <line num="235" count="1" type="cond" truecount="1" falsecount="1"/>
      <line num="237" count="1" type="cond" truecount="1" falsecount="1"/>
      <line num="239" count="1" type="cond" truecount="1" falsecount="1"/>
      <line num="241" count="1" type="cond" truecount="1" falsecount="1"/>
      <line num="243" count="1" type="cond" truecount="1" falsecount="1"/>
      <line num="245" count="4" type="cond" truecount="1" falsecount="1"/>
      <line num="247" count="1" type="stmt"/>
      <line num="249" count="2" type="stmt"/>
      <line num="251" count="1" type="stmt"/>
      <line num="253" count="2" type="stmt"/>
      <line num="255" count="1" type="stmt"/>
      <line num="260" count="55" type="stmt"/>
      <line num="261" count="55" type="stmt"/>
      <line num="262" count="55" type="stmt"/>
      <line num="264" count="55" type="cond" truecount="2" falsecount="0"/>
      <line num="265" count="27" type="stmt"/>
      <line num="266" count="27" type="cond" truecount="1" falsecount="1"/>
      <line num="267" count="27" type="cond" truecount="4" falsecount="0"/>
      <line num="268" count="1" type="stmt"/>
      <line num="270" count="26" type="stmt"/>
      <line num="272" count="26" type="cond" truecount="1" falsecount="0"/>
      <line num="273" count="1" type="stmt"/>
      <line num="281" count="50" type="stmt"/>
      <line num="283" count="25" type="stmt"/>
      <line num="284" count="25" type="cond" truecount="1" falsecount="1"/>
      <line num="285" count="25" type="cond" truecount="1" falsecount="1"/>
      <line num="286" count="25" type="cond" truecount="1" falsecount="1"/>
      <line num="291" count="25" type="cond" truecount="6" falsecount="0"/>
      <line num="293" count="3" type="stmt"/>
      <line num="294" count="3" type="stmt"/>
      <line num="296" count="3" type="stmt"/>
      <line num="297" count="3" type="stmt"/>
      <line num="299" count="3" type="stmt"/>
      <line num="300" count="3" type="stmt"/>
      <line num="302" count="3" type="stmt"/>
      <line num="303" count="3" type="stmt"/>
      <line num="305" count="3" type="stmt"/>
      <line num="306" count="3" type="stmt"/>
      <line num="308" count="10" type="stmt"/>
      <line num="311" count="25" type="cond" truecount="4" falsecount="0"/>
      <line num="313" count="6" type="stmt"/>
      <line num="314" count="6" type="stmt"/>
      <line num="317" count="6" type="stmt"/>
      <line num="318" count="6" type="stmt"/>
      <line num="320" count="13" type="stmt"/>
      <line num="323" count="25" type="stmt"/>
      <line num="339" count="25" type="cond" truecount="1" falsecount="0"/>
      <line num="340" count="1" type="cond" truecount="2" falsecount="2"/>
      <line num="341" count="0" type="stmt"/>
      <line num="342" count="0" type="stmt"/>
      <line num="344" count="1" type="stmt"/>
      <line num="348" count="24" type="stmt"/>
      <line num="351" count="24" type="stmt"/>
      <line num="352" count="24" type="stmt"/>
      <line num="354" count="23" type="cond" truecount="1" falsecount="1"/>
      <line num="355" count="0" type="stmt"/>
      <line num="360" count="23" type="cond" truecount="1" falsecount="1"/>
      <line num="361" count="0" type="stmt"/>
      <line num="367" count="23" type="stmt"/>
      <line num="369" count="23" type="stmt"/>
      <line num="371" count="1" type="stmt"/>
      <line num="372" count="1" type="stmt"/>
      <line num="375" count="23" type="stmt"/>
      <line num="376" count="23" type="stmt"/>
      <line num="377" count="23" type="stmt"/>
      <line num="378" count="23" type="stmt"/>
      <line num="379" count="23" type="stmt"/>
      <line num="380" count="23" type="cond" truecount="4" falsecount="0"/>
      <line num="381" count="1" type="stmt"/>
      <line num="390" count="1" type="stmt"/>
      <line num="392" count="22" type="stmt"/>
      <line num="401" count="22" type="stmt"/>
      <line num="405" count="0" type="stmt"/>
      <line num="407" count="23" type="stmt"/>
      <line num="408" count="23" type="cond" truecount="1" falsecount="0"/>
      <line num="409" count="23" type="stmt"/>
      <line num="411" count="22" type="stmt"/>
      <line num="414" count="23" type="stmt"/>
      <line num="415" count="28" type="cond" truecount="2" falsecount="0"/>
      <line num="416" count="27" type="stmt"/>
      <line num="417" count="27" type="stmt"/>
      <line num="420" count="27" type="cond" truecount="2" falsecount="0"/>
      <line num="421" count="23" type="stmt"/>
      <line num="422" count="23" type="stmt"/>
      <line num="423" count="23" type="cond" truecount="3" falsecount="0"/>
      <line num="424" count="1" type="stmt"/>
      <line num="426" count="4" type="cond" truecount="2" falsecount="0"/>
      <line num="429" count="1" type="stmt"/>
      <line num="432" count="25" type="stmt"/>
      <line num="434" count="25" type="cond" truecount="0" falsecount="1"/>
      <line num="435" count="0" type="stmt"/>
      <line num="438" count="50" type="stmt"/>
      <line num="440" count="25" type="stmt"/>
      <line num="441" count="25" type="cond" truecount="1" falsecount="1"/>
      <line num="442" count="25" type="cond" truecount="1" falsecount="1"/>
      <line num="443" count="25" type="cond" truecount="1" falsecount="1"/>
      <line num="448" count="25" type="cond" truecount="1" falsecount="5"/>
      <line num="450" count="0" type="stmt"/>
      <line num="451" count="0" type="stmt"/>
      <line num="453" count="0" type="stmt"/>
      <line num="454" count="0" type="stmt"/>
      <line num="456" count="0" type="stmt"/>
      <line num="457" count="0" type="stmt"/>
      <line num="459" count="0" type="stmt"/>
      <line num="460" count="0" type="stmt"/>
      <line num="462" count="0" type="stmt"/>
      <line num="463" count="0" type="stmt"/>
      <line num="465" count="25" type="stmt"/>
      <line num="468" count="25" type="cond" truecount="1" falsecount="3"/>
      <line num="470" count="0" type="stmt"/>
      <line num="471" count="0" type="stmt"/>
      <line num="474" count="0" type="stmt"/>
      <line num="475" count="0" type="stmt"/>
      <line num="477" count="25" type="stmt"/>
      <line num="480" count="25" type="stmt"/>
      <line num="496" count="25" type="cond" truecount="1" falsecount="0"/>
      <line num="497" count="1" type="cond" truecount="2" falsecount="2"/>
      <line num="498" count="0" type="stmt"/>
      <line num="499" count="0" type="stmt"/>
      <line num="501" count="1" type="stmt"/>
      <line num="505" count="24" type="stmt"/>
      <line num="508" count="24" type="stmt"/>
      <line num="509" count="24" type="stmt"/>
      <line num="511" count="24" type="cond" truecount="1" falsecount="1"/>
      <line num="512" count="0" type="stmt"/>
      <line num="517" count="24" type="cond" truecount="1" falsecount="1"/>
      <line num="518" count="0" type="stmt"/>
      <line num="524" count="24" type="stmt"/>
      <line num="526" count="24" type="stmt"/>
      <line num="528" count="0" type="stmt"/>
      <line num="529" count="0" type="stmt"/>
      <line num="532" count="24" type="stmt"/>
      <line num="533" count="24" type="cond" truecount="2" falsecount="0"/>
      <line num="534" count="21" type="stmt"/>
      <line num="535" count="21" type="stmt"/>
      <line num="536" count="21" type="stmt"/>
      <line num="537" count="21" type="stmt"/>
      <line num="538" count="21" type="stmt"/>
      <line num="539" count="21" type="stmt"/>
      <line num="541" count="21" type="stmt"/>
      <line num="546" count="21" type="stmt"/>
      <line num="547" count="20" type="stmt"/>
      <line num="556" count="20" type="stmt"/>
      <line num="557" count="3" type="cond" truecount="1" falsecount="0"/>
      <line num="558" count="3" type="stmt"/>
      <line num="559" count="3" type="stmt"/>
      <line num="560" count="3" type="stmt"/>
      <line num="561" count="3" type="stmt"/>
      <line num="562" count="3" type="cond" truecount="1" falsecount="0"/>
      <line num="568" count="1" type="stmt"/>
      <line num="573" count="3" type="stmt"/>
      <line num="578" count="3" type="stmt"/>
      <line num="579" count="2" type="stmt"/>
      <line num="588" count="2" type="stmt"/>
      <line num="591" count="2" type="stmt"/>
      <line num="593" count="24" type="stmt"/>
      <line num="594" count="24" type="cond" truecount="1" falsecount="0"/>
      <line num="595" count="24" type="stmt"/>
      <line num="597" count="23" type="stmt"/>
      <line num="601" count="22" type="stmt"/>
      <line num="603" count="1" type="stmt"/>
    </file>
  </project>
</coverage>
