{"/Users/boris/fiq-n8n/custom-nodes/n8n-nodes-fiq-opcua/nodes/FactoryIQ/OpcUa/OpcUa.node.ts": {"path":"/Users/boris/fiq-n8n/custom-nodes/n8n-nodes-fiq-opcua/nodes/FactoryIQ/OpcUa/OpcUa.node.ts","statementMap":{"0":{"start":{"line":9,"column":0},"end":{"line":9,"column":70}},"1":{"start":{"line":13,"column":1},"end":{"line":199,"column":3}},"2":{"start":{"line":202,"column":2},"end":{"line":219,"column":3}},"3":{"start":{"line":203,"column":19},"end":{"line":203,"column":43}},"4":{"start":{"line":204,"column":17},"end":{"line":204,"column":39}},"5":{"start":{"line":205,"column":16},"end":{"line":205,"column":37}},"6":{"start":{"line":206,"column":17},"end":{"line":206,"column":39}},"7":{"start":{"line":207,"column":18},"end":{"line":207,"column":41}},"8":{"start":{"line":208,"column":17},"end":{"line":208,"column":39}},"9":{"start":{"line":209,"column":18},"end":{"line":209,"column":41}},"10":{"start":{"line":210,"column":17},"end":{"line":210,"column":39}},"11":{"start":{"line":211,"column":18},"end":{"line":211,"column":41}},"12":{"start":{"line":212,"column":17},"end":{"line":212,"column":39}},"13":{"start":{"line":213,"column":18},"end":{"line":213,"column":41}},"14":{"start":{"line":214,"column":18},"end":{"line":214,"column":41}},"15":{"start":{"line":215,"column":20},"end":{"line":215,"column":45}},"16":{"start":{"line":216,"column":16},"end":{"line":216,"column":37}},"17":{"start":{"line":217,"column":22},"end":{"line":217,"column":49}},"18":{"start":{"line":218,"column":12},"end":{"line":218,"column":35}},"19":{"start":{"line":223,"column":2},"end":{"line":256,"column":3}},"20":{"start":{"line":225,"column":4},"end":{"line":225,"column":157}},"21":{"start":{"line":227,"column":4},"end":{"line":227,"column":63}},"22":{"start":{"line":229,"column":4},"end":{"line":229,"column":60}},"23":{"start":{"line":231,"column":4},"end":{"line":231,"column":67}},"24":{"start":{"line":233,"column":4},"end":{"line":233,"column":62}},"25":{"start":{"line":235,"column":4},"end":{"line":235,"column":77}},"26":{"start":{"line":237,"column":4},"end":{"line":237,"column":67}},"27":{"start":{"line":239,"column":4},"end":{"line":239,"column":32}},"28":{"start":{"line":241,"column":4},"end":{"line":241,"column":45}},"29":{"start":{"line":243,"column":4},"end":{"line":243,"column":36}},"30":{"start":{"line":245,"column":4},"end":{"line":245,"column":36}},"31":{"start":{"line":247,"column":4},"end":{"line":247,"column":28}},"32":{"start":{"line":249,"column":4},"end":{"line":249,"column":27}},"33":{"start":{"line":251,"column":4},"end":{"line":251,"column":28}},"34":{"start":{"line":253,"column":4},"end":{"line":253,"column":30}},"35":{"start":{"line":255,"column":4},"end":{"line":255,"column":28}},"36":{"start":{"line":260,"column":16},"end":{"line":260,"column":35}},"37":{"start":{"line":261,"column":40},"end":{"line":261,"column":42}},"38":{"start":{"line":262,"column":15},"end":{"line":262,"column":57}},"39":{"start":{"line":264,"column":2},"end":{"line":604,"column":3}},"40":{"start":{"line":265,"column":22},"end":{"line":265,"column":82}},"41":{"start":{"line":266,"column":19},"end":{"line":266,"column":72}},"42":{"start":{"line":267,"column":3},"end":{"line":269,"column":4}},"43":{"start":{"line":268,"column":4},"end":{"line":268,"column":103}},"44":{"start":{"line":270,"column":23},"end":{"line":270,"column":67}},"45":{"start":{"line":272,"column":3},"end":{"line":274,"column":4}},"46":{"start":{"line":273,"column":4},"end":{"line":273,"column":84}},"47":{"start":{"line":281,"column":7},"end":{"line":281,"column":33}},"48":{"start":{"line":283,"column":23},"end":{"line":283,"column":56}},"49":{"start":{"line":284,"column":27},"end":{"line":284,"column":74}},"50":{"start":{"line":285,"column":25},"end":{"line":285,"column":70}},"51":{"start":{"line":286,"column":31},"end":{"line":286,"column":87}},"52":{"start":{"line":291,"column":3},"end":{"line":309,"column":4}},"53":{"start":{"line":293,"column":5},"end":{"line":293,"column":56}},"54":{"start":{"line":294,"column":5},"end":{"line":294,"column":11}},"55":{"start":{"line":296,"column":5},"end":{"line":296,"column":50}},"56":{"start":{"line":297,"column":5},"end":{"line":297,"column":11}},"57":{"start":{"line":299,"column":5},"end":{"line":299,"column":55}},"58":{"start":{"line":300,"column":5},"end":{"line":300,"column":11}},"59":{"start":{"line":302,"column":5},"end":{"line":302,"column":63}},"60":{"start":{"line":303,"column":5},"end":{"line":303,"column":11}},"61":{"start":{"line":305,"column":5},"end":{"line":305,"column":62}},"62":{"start":{"line":306,"column":5},"end":{"line":306,"column":11}},"63":{"start":{"line":308,"column":5},"end":{"line":308,"column":46}},"64":{"start":{"line":311,"column":3},"end":{"line":321,"column":4}},"65":{"start":{"line":313,"column":5},"end":{"line":313,"column":49}},"66":{"start":{"line":314,"column":5},"end":{"line":314,"column":11}},"67":{"start":{"line":317,"column":5},"end":{"line":317,"column":59}},"68":{"start":{"line":318,"column":5},"end":{"line":318,"column":11}},"69":{"start":{"line":320,"column":5},"end":{"line":320,"column":49}},"70":{"start":{"line":323,"column":30},"end":{"line":337,"column":5}},"71":{"start":{"line":339,"column":3},"end":{"line":346,"column":4}},"72":{"start":{"line":340,"column":4},"end":{"line":345,"column":5}},"73":{"start":{"line":341,"column":5},"end":{"line":341,"column":84}},"74":{"start":{"line":342,"column":5},"end":{"line":342,"column":82}},"75":{"start":{"line":344,"column":5},"end":{"line":344,"column":116}},"76":{"start":{"line":348,"column":18},"end":{"line":348,"column":51}},"77":{"start":{"line":351,"column":3},"end":{"line":373,"column":4}},"78":{"start":{"line":352,"column":4},"end":{"line":352,"column":38}},"79":{"start":{"line":354,"column":4},"end":{"line":368,"column":5}},"80":{"start":{"line":355,"column":5},"end":{"line":359,"column":7}},"81":{"start":{"line":360,"column":11},"end":{"line":368,"column":5}},"82":{"start":{"line":361,"column":5},"end":{"line":365,"column":7}},"83":{"start":{"line":367,"column":5},"end":{"line":367,"column":30}},"84":{"start":{"line":369,"column":4},"end":{"line":369,"column":55}},"85":{"start":{"line":371,"column":4},"end":{"line":371,"column":46}},"86":{"start":{"line":372,"column":4},"end":{"line":372,"column":124}},"87":{"start":{"line":375,"column":3},"end":{"line":413,"column":4}},"88":{"start":{"line":376,"column":24},"end":{"line":376,"column":64}},"89":{"start":{"line":377,"column":4},"end":{"line":403,"column":5}},"90":{"start":{"line":377,"column":17},"end":{"line":377,"column":18}},"91":{"start":{"line":378,"column":20},"end":{"line":378,"column":30}},"92":{"start":{"line":379,"column":20},"end":{"line":379,"column":34}},"93":{"start":{"line":380,"column":5},"end":{"line":402,"column":6}},"94":{"start":{"line":381,"column":42},"end":{"line":389,"column":8}},"95":{"start":{"line":390,"column":6},"end":{"line":390,"column":63}},"96":{"start":{"line":392,"column":42},"end":{"line":400,"column":8}},"97":{"start":{"line":401,"column":6},"end":{"line":401,"column":63}},"98":{"start":{"line":405,"column":4},"end":{"line":405,"column":100}},"99":{"start":{"line":407,"column":4},"end":{"line":412,"column":22}},"100":{"start":{"line":408,"column":5},"end":{"line":410,"column":6}},"101":{"start":{"line":409,"column":6},"end":{"line":409,"column":28}},"102":{"start":{"line":411,"column":5},"end":{"line":411,"column":31}},"103":{"start":{"line":414,"column":3},"end":{"line":414,"column":20}},"104":{"start":{"line":415,"column":9},"end":{"line":604,"column":3}},"105":{"start":{"line":416,"column":3},"end":{"line":600,"column":4}},"106":{"start":{"line":416,"column":24},"end":{"line":416,"column":25}},"107":{"start":{"line":417,"column":22},"end":{"line":417,"column":77}},"108":{"start":{"line":420,"column":4},"end":{"line":430,"column":5}},"109":{"start":{"line":421,"column":20},"end":{"line":421,"column":72}},"110":{"start":{"line":422,"column":22},"end":{"line":422,"column":76}},"111":{"start":{"line":423,"column":5},"end":{"line":425,"column":6}},"112":{"start":{"line":424,"column":6},"end":{"line":424,"column":109}},"113":{"start":{"line":426,"column":11},"end":{"line":430,"column":5}},"114":{"start":{"line":429,"column":5},"end":{"line":429,"column":81}},"115":{"start":{"line":432,"column":24},"end":{"line":432,"column":68}},"116":{"start":{"line":434,"column":4},"end":{"line":436,"column":5}},"117":{"start":{"line":435,"column":5},"end":{"line":435,"column":85}},"118":{"start":{"line":438,"column":90},"end":{"line":438,"column":116}},"119":{"start":{"line":440,"column":24},"end":{"line":440,"column":57}},"120":{"start":{"line":441,"column":28},"end":{"line":441,"column":75}},"121":{"start":{"line":442,"column":26},"end":{"line":442,"column":71}},"122":{"start":{"line":443,"column":32},"end":{"line":443,"column":88}},"123":{"start":{"line":448,"column":4},"end":{"line":466,"column":5}},"124":{"start":{"line":450,"column":6},"end":{"line":450,"column":57}},"125":{"start":{"line":451,"column":6},"end":{"line":451,"column":12}},"126":{"start":{"line":453,"column":6},"end":{"line":453,"column":51}},"127":{"start":{"line":454,"column":6},"end":{"line":454,"column":12}},"128":{"start":{"line":456,"column":6},"end":{"line":456,"column":56}},"129":{"start":{"line":457,"column":6},"end":{"line":457,"column":12}},"130":{"start":{"line":459,"column":6},"end":{"line":459,"column":64}},"131":{"start":{"line":460,"column":6},"end":{"line":460,"column":12}},"132":{"start":{"line":462,"column":6},"end":{"line":462,"column":63}},"133":{"start":{"line":463,"column":6},"end":{"line":463,"column":12}},"134":{"start":{"line":465,"column":6},"end":{"line":465,"column":47}},"135":{"start":{"line":468,"column":4},"end":{"line":478,"column":5}},"136":{"start":{"line":470,"column":6},"end":{"line":470,"column":50}},"137":{"start":{"line":471,"column":6},"end":{"line":471,"column":12}},"138":{"start":{"line":474,"column":6},"end":{"line":474,"column":60}},"139":{"start":{"line":475,"column":6},"end":{"line":475,"column":12}},"140":{"start":{"line":477,"column":6},"end":{"line":477,"column":50}},"141":{"start":{"line":480,"column":31},"end":{"line":494,"column":6}},"142":{"start":{"line":496,"column":4},"end":{"line":503,"column":5}},"143":{"start":{"line":497,"column":5},"end":{"line":502,"column":6}},"144":{"start":{"line":498,"column":6},"end":{"line":498,"column":85}},"145":{"start":{"line":499,"column":6},"end":{"line":499,"column":83}},"146":{"start":{"line":501,"column":6},"end":{"line":501,"column":117}},"147":{"start":{"line":505,"column":19},"end":{"line":505,"column":52}},"148":{"start":{"line":508,"column":4},"end":{"line":530,"column":5}},"149":{"start":{"line":509,"column":5},"end":{"line":509,"column":39}},"150":{"start":{"line":511,"column":5},"end":{"line":525,"column":6}},"151":{"start":{"line":512,"column":6},"end":{"line":516,"column":8}},"152":{"start":{"line":517,"column":12},"end":{"line":525,"column":6}},"153":{"start":{"line":518,"column":6},"end":{"line":522,"column":8}},"154":{"start":{"line":524,"column":6},"end":{"line":524,"column":31}},"155":{"start":{"line":526,"column":5},"end":{"line":526,"column":56}},"156":{"start":{"line":528,"column":5},"end":{"line":528,"column":47}},"157":{"start":{"line":529,"column":5},"end":{"line":529,"column":125}},"158":{"start":{"line":532,"column":4},"end":{"line":599,"column":5}},"159":{"start":{"line":533,"column":5},"end":{"line":589,"column":6}},"160":{"start":{"line":534,"column":21},"end":{"line":534,"column":73}},"161":{"start":{"line":535,"column":20},"end":{"line":535,"column":71}},"162":{"start":{"line":536,"column":23},"end":{"line":536,"column":77}},"163":{"start":{"line":537,"column":27},"end":{"line":537,"column":68}},"164":{"start":{"line":538,"column":25},"end":{"line":538,"column":70}},"165":{"start":{"line":539,"column":27},"end":{"line":545,"column":8}},"166":{"start":{"line":541,"column":21},"end":{"line":541,"column":47}},"167":{"start":{"line":546,"column":30},"end":{"line":546,"column":63}},"168":{"start":{"line":547,"column":42},"end":{"line":555,"column":8}},"169":{"start":{"line":556,"column":6},"end":{"line":556,"column":63}},"170":{"start":{"line":557,"column":12},"end":{"line":589,"column":6}},"171":{"start":{"line":558,"column":27},"end":{"line":558,"column":85}},"172":{"start":{"line":559,"column":27},"end":{"line":559,"column":85}},"173":{"start":{"line":560,"column":28},"end":{"line":560,"column":78}},"174":{"start":{"line":561,"column":34},"end":{"line":561,"column":36}},"175":{"start":{"line":562,"column":6},"end":{"line":572,"column":7}},"176":{"start":{"line":568,"column":7},"end":{"line":571,"column":11}},"177":{"start":{"line":568,"column":76},"end":{"line":571,"column":9}},"178":{"start":{"line":573,"column":25},"end":{"line":577,"column":8}},"179":{"start":{"line":578,"column":30},"end":{"line":578,"column":60}},"180":{"start":{"line":579,"column":42},"end":{"line":587,"column":8}},"181":{"start":{"line":588,"column":6},"end":{"line":588,"column":63}},"182":{"start":{"line":591,"column":5},"end":{"line":591,"column":117}},"183":{"start":{"line":593,"column":5},"end":{"line":598,"column":23}},"184":{"start":{"line":594,"column":6},"end":{"line":596,"column":7}},"185":{"start":{"line":595,"column":7},"end":{"line":595,"column":29}},"186":{"start":{"line":597,"column":6},"end":{"line":597,"column":32}},"187":{"start":{"line":601,"column":3},"end":{"line":601,"column":20}},"188":{"start":{"line":603,"column":3},"end":{"line":603,"column":74}},"189":{"start":{"line":12,"column":0},"end":{"line":12,"column":13}}},"fnMap":{"0":{"name":"(anonymous_9)","decl":{"start":{"line":12,"column":0},"end":{"line":12,"column":13}},"loc":{"start":{"line":12,"column":0},"end":{"line":606,"column":1}}},"1":{"name":"(anonymous_10)","decl":{"start":{"line":201,"column":9},"end":{"line":201,"column":15}},"loc":{"start":{"line":201,"column":63},"end":{"line":220,"column":2}}},"2":{"name":"(anonymous_11)","decl":{"start":{"line":222,"column":9},"end":{"line":222,"column":15}},"loc":{"start":{"line":222,"column":70},"end":{"line":257,"column":2}}},"3":{"name":"(anonymous_12)","decl":{"start":{"line":259,"column":1},"end":{"line":259,"column":6}},"loc":{"start":{"line":259,"column":14},"end":{"line":605,"column":2}}},"4":{"name":"(anonymous_13)","decl":{"start":{"line":281,"column":7},"end":{"line":281,"column":20}},"loc":{"start":{"line":281,"column":7},"end":{"line":281,"column":33}}},"5":{"name":"(anonymous_14)","decl":{"start":{"line":371,"column":36},"end":{"line":371,"column":39}},"loc":{"start":{"line":371,"column":41},"end":{"line":371,"column":44}}},"6":{"name":"(anonymous_15)","decl":{"start":{"line":438,"column":90},"end":{"line":438,"column":103}},"loc":{"start":{"line":438,"column":90},"end":{"line":438,"column":116}}},"7":{"name":"(anonymous_16)","decl":{"start":{"line":528,"column":37},"end":{"line":528,"column":40}},"loc":{"start":{"line":528,"column":42},"end":{"line":528,"column":45}}},"8":{"name":"(anonymous_17)","decl":{"start":{"line":541,"column":21},"end":{"line":541,"column":34}},"loc":{"start":{"line":541,"column":21},"end":{"line":541,"column":47}}},"9":{"name":"(anonymous_18)","decl":{"start":{"line":568,"column":61},"end":{"line":568,"column":62}},"loc":{"start":{"line":568,"column":76},"end":{"line":571,"column":9}}}},"branchMap":{"0":{"loc":{"start":{"line":202,"column":2},"end":{"line":219,"column":3}},"type":"switch","locations":[{"start":{"line":203,"column":3},"end":{"line":203,"column":43}},{"start":{"line":204,"column":3},"end":{"line":204,"column":39}},{"start":{"line":205,"column":3},"end":{"line":205,"column":37}},{"start":{"line":206,"column":3},"end":{"line":206,"column":39}},{"start":{"line":207,"column":3},"end":{"line":207,"column":41}},{"start":{"line":208,"column":3},"end":{"line":208,"column":39}},{"start":{"line":209,"column":3},"end":{"line":209,"column":41}},{"start":{"line":210,"column":3},"end":{"line":210,"column":39}},{"start":{"line":211,"column":3},"end":{"line":211,"column":41}},{"start":{"line":212,"column":3},"end":{"line":212,"column":39}},{"start":{"line":213,"column":3},"end":{"line":213,"column":41}},{"start":{"line":214,"column":3},"end":{"line":214,"column":41}},{"start":{"line":215,"column":3},"end":{"line":215,"column":45}},{"start":{"line":216,"column":3},"end":{"line":216,"column":37}},{"start":{"line":217,"column":3},"end":{"line":217,"column":49}},{"start":{"line":218,"column":3},"end":{"line":218,"column":35}}]},"1":{"loc":{"start":{"line":223,"column":2},"end":{"line":256,"column":3}},"type":"switch","locations":[{"start":{"line":224,"column":3},"end":{"line":225,"column":157}},{"start":{"line":226,"column":3},"end":{"line":227,"column":63}},{"start":{"line":228,"column":3},"end":{"line":229,"column":60}},{"start":{"line":230,"column":3},"end":{"line":231,"column":67}},{"start":{"line":232,"column":3},"end":{"line":233,"column":62}},{"start":{"line":234,"column":3},"end":{"line":235,"column":77}},{"start":{"line":236,"column":3},"end":{"line":237,"column":67}},{"start":{"line":238,"column":3},"end":{"line":239,"column":32}},{"start":{"line":240,"column":3},"end":{"line":241,"column":45}},{"start":{"line":242,"column":3},"end":{"line":243,"column":36}},{"start":{"line":244,"column":3},"end":{"line":245,"column":36}},{"start":{"line":246,"column":3},"end":{"line":247,"column":28}},{"start":{"line":248,"column":3},"end":{"line":249,"column":27}},{"start":{"line":250,"column":3},"end":{"line":251,"column":28}},{"start":{"line":252,"column":3},"end":{"line":253,"column":30}},{"start":{"line":254,"column":3},"end":{"line":255,"column":28}}]},"2":{"loc":{"start":{"line":225,"column":11},"end":{"line":225,"column":156}},"type":"binary-expr","locations":[{"start":{"line":225,"column":11},"end":{"line":225,"column":52}},{"start":{"line":225,"column":56},"end":{"line":225,"column":69}},{"start":{"line":225,"column":73},"end":{"line":225,"column":112}},{"start":{"line":225,"column":116},"end":{"line":225,"column":156}}]},"3":{"loc":{"start":{"line":227,"column":40},"end":{"line":227,"column":60}},"type":"binary-expr","locations":[{"start":{"line":227,"column":40},"end":{"line":227,"column":55}},{"start":{"line":227,"column":59},"end":{"line":227,"column":60}}]},"4":{"loc":{"start":{"line":229,"column":37},"end":{"line":229,"column":57}},"type":"binary-expr","locations":[{"start":{"line":229,"column":37},"end":{"line":229,"column":52}},{"start":{"line":229,"column":56},"end":{"line":229,"column":57}}]},"5":{"loc":{"start":{"line":231,"column":44},"end":{"line":231,"column":64}},"type":"binary-expr","locations":[{"start":{"line":231,"column":44},"end":{"line":231,"column":59}},{"start":{"line":231,"column":63},"end":{"line":231,"column":64}}]},"6":{"loc":{"start":{"line":233,"column":39},"end":{"line":233,"column":59}},"type":"binary-expr","locations":[{"start":{"line":233,"column":39},"end":{"line":233,"column":54}},{"start":{"line":233,"column":58},"end":{"line":233,"column":59}}]},"7":{"loc":{"start":{"line":235,"column":54},"end":{"line":235,"column":74}},"type":"binary-expr","locations":[{"start":{"line":235,"column":54},"end":{"line":235,"column":69}},{"start":{"line":235,"column":73},"end":{"line":235,"column":74}}]},"8":{"loc":{"start":{"line":237,"column":44},"end":{"line":237,"column":64}},"type":"binary-expr","locations":[{"start":{"line":237,"column":44},"end":{"line":237,"column":59}},{"start":{"line":237,"column":63},"end":{"line":237,"column":64}}]},"9":{"loc":{"start":{"line":239,"column":11},"end":{"line":239,"column":31}},"type":"binary-expr","locations":[{"start":{"line":239,"column":11},"end":{"line":239,"column":26}},{"start":{"line":239,"column":30},"end":{"line":239,"column":31}}]},"10":{"loc":{"start":{"line":241,"column":23},"end":{"line":241,"column":43}},"type":"binary-expr","locations":[{"start":{"line":241,"column":23},"end":{"line":241,"column":38}},{"start":{"line":241,"column":42},"end":{"line":241,"column":43}}]},"11":{"loc":{"start":{"line":243,"column":11},"end":{"line":243,"column":35}},"type":"binary-expr","locations":[{"start":{"line":243,"column":11},"end":{"line":243,"column":28}},{"start":{"line":243,"column":32},"end":{"line":243,"column":35}}]},"12":{"loc":{"start":{"line":245,"column":11},"end":{"line":245,"column":35}},"type":"binary-expr","locations":[{"start":{"line":245,"column":11},"end":{"line":245,"column":28}},{"start":{"line":245,"column":32},"end":{"line":245,"column":35}}]},"13":{"loc":{"start":{"line":264,"column":2},"end":{"line":604,"column":3}},"type":"if","locations":[{"start":{"line":264,"column":2},"end":{"line":604,"column":3}},{"start":{"line":415,"column":9},"end":{"line":604,"column":3}}]},"14":{"loc":{"start":{"line":266,"column":19},"end":{"line":266,"column":72}},"type":"cond-expr","locations":[{"start":{"line":266,"column":47},"end":{"line":266,"column":57}},{"start":{"line":266,"column":60},"end":{"line":266,"column":72}}]},"15":{"loc":{"start":{"line":267,"column":3},"end":{"line":269,"column":4}},"type":"if","locations":[{"start":{"line":267,"column":3},"end":{"line":269,"column":4}}]},"16":{"loc":{"start":{"line":267,"column":7},"end":{"line":267,"column":69}},"type":"binary-expr","locations":[{"start":{"line":267,"column":7},"end":{"line":267,"column":30}},{"start":{"line":267,"column":34},"end":{"line":267,"column":54}},{"start":{"line":267,"column":58},"end":{"line":267,"column":69}}]},"17":{"loc":{"start":{"line":272,"column":3},"end":{"line":274,"column":4}},"type":"if","locations":[{"start":{"line":272,"column":3},"end":{"line":274,"column":4}}]},"18":{"loc":{"start":{"line":284,"column":27},"end":{"line":284,"column":74}},"type":"binary-expr","locations":[{"start":{"line":284,"column":27},"end":{"line":284,"column":64}},{"start":{"line":284,"column":68},"end":{"line":284,"column":74}}]},"19":{"loc":{"start":{"line":285,"column":25},"end":{"line":285,"column":70}},"type":"binary-expr","locations":[{"start":{"line":285,"column":25},"end":{"line":285,"column":60}},{"start":{"line":285,"column":64},"end":{"line":285,"column":70}}]},"20":{"loc":{"start":{"line":286,"column":31},"end":{"line":286,"column":87}},"type":"binary-expr","locations":[{"start":{"line":286,"column":31},"end":{"line":286,"column":72}},{"start":{"line":286,"column":76},"end":{"line":286,"column":87}}]},"21":{"loc":{"start":{"line":291,"column":3},"end":{"line":309,"column":4}},"type":"switch","locations":[{"start":{"line":292,"column":4},"end":{"line":294,"column":11}},{"start":{"line":295,"column":4},"end":{"line":297,"column":11}},{"start":{"line":298,"column":4},"end":{"line":300,"column":11}},{"start":{"line":301,"column":4},"end":{"line":303,"column":11}},{"start":{"line":304,"column":4},"end":{"line":306,"column":11}},{"start":{"line":307,"column":4},"end":{"line":308,"column":46}}]},"22":{"loc":{"start":{"line":311,"column":3},"end":{"line":321,"column":4}},"type":"switch","locations":[{"start":{"line":312,"column":4},"end":{"line":314,"column":11}},{"start":{"line":315,"column":4},"end":{"line":315,"column":26}},{"start":{"line":316,"column":4},"end":{"line":318,"column":11}},{"start":{"line":319,"column":4},"end":{"line":320,"column":49}}]},"23":{"loc":{"start":{"line":339,"column":3},"end":{"line":346,"column":4}},"type":"if","locations":[{"start":{"line":339,"column":3},"end":{"line":346,"column":4}}]},"24":{"loc":{"start":{"line":340,"column":4},"end":{"line":345,"column":5}},"type":"if","locations":[{"start":{"line":340,"column":4},"end":{"line":345,"column":5}},{"start":{"line":343,"column":11},"end":{"line":345,"column":5}}]},"25":{"loc":{"start":{"line":340,"column":8},"end":{"line":340,"column":57}},"type":"binary-expr","locations":[{"start":{"line":340,"column":8},"end":{"line":340,"column":31}},{"start":{"line":340,"column":35},"end":{"line":340,"column":57}}]},"26":{"loc":{"start":{"line":354,"column":4},"end":{"line":368,"column":5}},"type":"if","locations":[{"start":{"line":354,"column":4},"end":{"line":368,"column":5}},{"start":{"line":360,"column":11},"end":{"line":368,"column":5}}]},"27":{"loc":{"start":{"line":360,"column":11},"end":{"line":368,"column":5}},"type":"if","locations":[{"start":{"line":360,"column":11},"end":{"line":368,"column":5}},{"start":{"line":366,"column":11},"end":{"line":368,"column":5}}]},"28":{"loc":{"start":{"line":380,"column":5},"end":{"line":402,"column":6}},"type":"if","locations":[{"start":{"line":380,"column":5},"end":{"line":402,"column":6}},{"start":{"line":391,"column":12},"end":{"line":402,"column":6}}]},"29":{"loc":{"start":{"line":380,"column":9},"end":{"line":380,"column":63}},"type":"binary-expr","locations":[{"start":{"line":380,"column":9},"end":{"line":380,"column":26}},{"start":{"line":380,"column":30},"end":{"line":380,"column":63}}]},"30":{"loc":{"start":{"line":397,"column":28},"end":{"line":397,"column":68}},"type":"cond-expr","locations":[{"start":{"line":397,"column":43},"end":{"line":397,"column":61}},{"start":{"line":397,"column":64},"end":{"line":397,"column":68}}]},"31":{"loc":{"start":{"line":399,"column":25},"end":{"line":399,"column":68}},"type":"cond-expr","locations":[{"start":{"line":399,"column":40},"end":{"line":399,"column":61}},{"start":{"line":399,"column":64},"end":{"line":399,"column":68}}]},"32":{"loc":{"start":{"line":408,"column":5},"end":{"line":410,"column":6}},"type":"if","locations":[{"start":{"line":408,"column":5},"end":{"line":410,"column":6}}]},"33":{"loc":{"start":{"line":415,"column":9},"end":{"line":604,"column":3}},"type":"if","locations":[{"start":{"line":415,"column":9},"end":{"line":604,"column":3}},{"start":{"line":602,"column":9},"end":{"line":604,"column":3}}]},"34":{"loc":{"start":{"line":420,"column":4},"end":{"line":430,"column":5}},"type":"if","locations":[{"start":{"line":420,"column":4},"end":{"line":430,"column":5}},{"start":{"line":426,"column":11},"end":{"line":430,"column":5}}]},"35":{"loc":{"start":{"line":423,"column":5},"end":{"line":425,"column":6}},"type":"if","locations":[{"start":{"line":423,"column":5},"end":{"line":425,"column":6}}]},"36":{"loc":{"start":{"line":423,"column":9},"end":{"line":423,"column":29}},"type":"binary-expr","locations":[{"start":{"line":423,"column":9},"end":{"line":423,"column":16}},{"start":{"line":423,"column":20},"end":{"line":423,"column":29}}]},"37":{"loc":{"start":{"line":426,"column":11},"end":{"line":430,"column":5}},"type":"if","locations":[{"start":{"line":426,"column":11},"end":{"line":430,"column":5}},{"start":{"line":428,"column":11},"end":{"line":430,"column":5}}]},"38":{"loc":{"start":{"line":434,"column":4},"end":{"line":436,"column":5}},"type":"if","locations":[{"start":{"line":434,"column":4},"end":{"line":436,"column":5}}]},"39":{"loc":{"start":{"line":441,"column":28},"end":{"line":441,"column":75}},"type":"binary-expr","locations":[{"start":{"line":441,"column":28},"end":{"line":441,"column":65}},{"start":{"line":441,"column":69},"end":{"line":441,"column":75}}]},"40":{"loc":{"start":{"line":442,"column":26},"end":{"line":442,"column":71}},"type":"binary-expr","locations":[{"start":{"line":442,"column":26},"end":{"line":442,"column":61}},{"start":{"line":442,"column":65},"end":{"line":442,"column":71}}]},"41":{"loc":{"start":{"line":443,"column":32},"end":{"line":443,"column":88}},"type":"binary-expr","locations":[{"start":{"line":443,"column":32},"end":{"line":443,"column":73}},{"start":{"line":443,"column":77},"end":{"line":443,"column":88}}]},"42":{"loc":{"start":{"line":448,"column":4},"end":{"line":466,"column":5}},"type":"switch","locations":[{"start":{"line":449,"column":5},"end":{"line":451,"column":12}},{"start":{"line":452,"column":5},"end":{"line":454,"column":12}},{"start":{"line":455,"column":5},"end":{"line":457,"column":12}},{"start":{"line":458,"column":5},"end":{"line":460,"column":12}},{"start":{"line":461,"column":5},"end":{"line":463,"column":12}},{"start":{"line":464,"column":5},"end":{"line":465,"column":47}}]},"43":{"loc":{"start":{"line":468,"column":4},"end":{"line":478,"column":5}},"type":"switch","locations":[{"start":{"line":469,"column":5},"end":{"line":471,"column":12}},{"start":{"line":472,"column":5},"end":{"line":472,"column":27}},{"start":{"line":473,"column":5},"end":{"line":475,"column":12}},{"start":{"line":476,"column":5},"end":{"line":477,"column":50}}]},"44":{"loc":{"start":{"line":496,"column":4},"end":{"line":503,"column":5}},"type":"if","locations":[{"start":{"line":496,"column":4},"end":{"line":503,"column":5}}]},"45":{"loc":{"start":{"line":497,"column":5},"end":{"line":502,"column":6}},"type":"if","locations":[{"start":{"line":497,"column":5},"end":{"line":502,"column":6}},{"start":{"line":500,"column":12},"end":{"line":502,"column":6}}]},"46":{"loc":{"start":{"line":497,"column":9},"end":{"line":497,"column":58}},"type":"binary-expr","locations":[{"start":{"line":497,"column":9},"end":{"line":497,"column":32}},{"start":{"line":497,"column":36},"end":{"line":497,"column":58}}]},"47":{"loc":{"start":{"line":511,"column":5},"end":{"line":525,"column":6}},"type":"if","locations":[{"start":{"line":511,"column":5},"end":{"line":525,"column":6}},{"start":{"line":517,"column":12},"end":{"line":525,"column":6}}]},"48":{"loc":{"start":{"line":517,"column":12},"end":{"line":525,"column":6}},"type":"if","locations":[{"start":{"line":517,"column":12},"end":{"line":525,"column":6}},{"start":{"line":523,"column":12},"end":{"line":525,"column":6}}]},"49":{"loc":{"start":{"line":533,"column":5},"end":{"line":589,"column":6}},"type":"if","locations":[{"start":{"line":533,"column":5},"end":{"line":589,"column":6}},{"start":{"line":557,"column":12},"end":{"line":589,"column":6}}]},"50":{"loc":{"start":{"line":553,"column":15},"end":{"line":553,"column":103}},"type":"cond-expr","locations":[{"start":{"line":553,"column":89},"end":{"line":553,"column":93}},{"start":{"line":553,"column":96},"end":{"line":553,"column":103}}]},"51":{"loc":{"start":{"line":553,"column":16},"end":{"line":553,"column":75}},"type":"binary-expr","locations":[{"start":{"line":553,"column":16},"end":{"line":553,"column":40}},{"start":{"line":553,"column":44},"end":{"line":553,"column":74}}]},"52":{"loc":{"start":{"line":553,"column":16},"end":{"line":553,"column":40}},"type":"cond-expr","locations":[{"start":{"line":553,"column":34},"end":{"line":553,"column":36}},{"start":{"line":553,"column":34},"end":{"line":553,"column":40}}]},"53":{"loc":{"start":{"line":553,"column":16},"end":{"line":553,"column":36}},"type":"binary-expr","locations":[{"start":{"line":553,"column":16},"end":{"line":553,"column":36}},{"start":{"line":553,"column":34},"end":{"line":553,"column":36}}]},"54":{"loc":{"start":{"line":553,"column":44},"end":{"line":553,"column":74}},"type":"cond-expr","locations":[{"start":{"line":553,"column":62},"end":{"line":553,"column":64}},{"start":{"line":553,"column":62},"end":{"line":553,"column":74}}]},"55":{"loc":{"start":{"line":553,"column":44},"end":{"line":553,"column":64}},"type":"binary-expr","locations":[{"start":{"line":553,"column":44},"end":{"line":553,"column":64}},{"start":{"line":553,"column":62},"end":{"line":553,"column":64}}]},"56":{"loc":{"start":{"line":554,"column":70},"end":{"line":554,"column":130}},"type":"binary-expr","locations":[{"start":{"line":554,"column":70},"end":{"line":554,"column":94}},{"start":{"line":554,"column":98},"end":{"line":554,"column":128}}]},"57":{"loc":{"start":{"line":554,"column":70},"end":{"line":554,"column":94}},"type":"cond-expr","locations":[{"start":{"line":554,"column":88},"end":{"line":554,"column":90}},{"start":{"line":554,"column":88},"end":{"line":554,"column":94}}]},"58":{"loc":{"start":{"line":554,"column":70},"end":{"line":554,"column":90}},"type":"binary-expr","locations":[{"start":{"line":554,"column":70},"end":{"line":554,"column":90}},{"start":{"line":554,"column":88},"end":{"line":554,"column":90}}]},"59":{"loc":{"start":{"line":554,"column":98},"end":{"line":554,"column":128}},"type":"cond-expr","locations":[{"start":{"line":554,"column":116},"end":{"line":554,"column":118}},{"start":{"line":554,"column":116},"end":{"line":554,"column":128}}]},"60":{"loc":{"start":{"line":554,"column":98},"end":{"line":554,"column":118}},"type":"binary-expr","locations":[{"start":{"line":554,"column":98},"end":{"line":554,"column":118}},{"start":{"line":554,"column":116},"end":{"line":554,"column":118}}]},"61":{"loc":{"start":{"line":557,"column":12},"end":{"line":589,"column":6}},"type":"if","locations":[{"start":{"line":557,"column":12},"end":{"line":589,"column":6}}]},"62":{"loc":{"start":{"line":562,"column":6},"end":{"line":572,"column":7}},"type":"if","locations":[{"start":{"line":562,"column":6},"end":{"line":572,"column":7}}]},"63":{"loc":{"start":{"line":563,"column":7},"end":{"line":566,"column":54}},"type":"binary-expr","locations":[{"start":{"line":563,"column":7},"end":{"line":563,"column":20}},{"start":{"line":564,"column":7},"end":{"line":564,"column":40}},{"start":{"line":565,"column":7},"end":{"line":565,"column":35}},{"start":{"line":566,"column":7},"end":{"line":566,"column":54}}]},"64":{"loc":{"start":{"line":584,"column":35},"end":{"line":584,"column":76}},"type":"binary-expr","locations":[{"start":{"line":584,"column":35},"end":{"line":584,"column":70}},{"start":{"line":584,"column":74},"end":{"line":584,"column":76}}]},"65":{"loc":{"start":{"line":584,"column":35},"end":{"line":584,"column":70}},"type":"cond-expr","locations":[{"start":{"line":584,"column":53},"end":{"line":584,"column":55}},{"start":{"line":584,"column":53},"end":{"line":584,"column":70}}]},"66":{"loc":{"start":{"line":584,"column":35},"end":{"line":584,"column":55}},"type":"binary-expr","locations":[{"start":{"line":584,"column":35},"end":{"line":584,"column":55}},{"start":{"line":584,"column":53},"end":{"line":584,"column":55}}]},"67":{"loc":{"start":{"line":585,"column":15},"end":{"line":585,"column":127}},"type":"cond-expr","locations":[{"start":{"line":585,"column":113},"end":{"line":585,"column":117}},{"start":{"line":585,"column":120},"end":{"line":585,"column":127}}]},"68":{"loc":{"start":{"line":585,"column":16},"end":{"line":585,"column":99}},"type":"binary-expr","locations":[{"start":{"line":585,"column":16},"end":{"line":585,"column":52}},{"start":{"line":585,"column":56},"end":{"line":585,"column":98}}]},"69":{"loc":{"start":{"line":585,"column":16},"end":{"line":585,"column":52}},"type":"cond-expr","locations":[{"start":{"line":585,"column":46},"end":{"line":585,"column":48}},{"start":{"line":585,"column":46},"end":{"line":585,"column":52}}]},"70":{"loc":{"start":{"line":585,"column":16},"end":{"line":585,"column":48}},"type":"binary-expr","locations":[{"start":{"line":585,"column":16},"end":{"line":585,"column":48}},{"start":{"line":585,"column":46},"end":{"line":585,"column":48}}]},"71":{"loc":{"start":{"line":585,"column":16},"end":{"line":585,"column":46}},"type":"cond-expr","locations":[{"start":{"line":585,"column":34},"end":{"line":585,"column":36}},{"start":{"line":585,"column":34},"end":{"line":585,"column":46}}]},"72":{"loc":{"start":{"line":585,"column":16},"end":{"line":585,"column":36}},"type":"binary-expr","locations":[{"start":{"line":585,"column":16},"end":{"line":585,"column":36}},{"start":{"line":585,"column":34},"end":{"line":585,"column":36}}]},"73":{"loc":{"start":{"line":585,"column":56},"end":{"line":585,"column":98}},"type":"cond-expr","locations":[{"start":{"line":585,"column":86},"end":{"line":585,"column":88}},{"start":{"line":585,"column":86},"end":{"line":585,"column":98}}]},"74":{"loc":{"start":{"line":585,"column":56},"end":{"line":585,"column":88}},"type":"binary-expr","locations":[{"start":{"line":585,"column":56},"end":{"line":585,"column":88}},{"start":{"line":585,"column":86},"end":{"line":585,"column":88}}]},"75":{"loc":{"start":{"line":585,"column":56},"end":{"line":585,"column":86}},"type":"cond-expr","locations":[{"start":{"line":585,"column":74},"end":{"line":585,"column":76}},{"start":{"line":585,"column":74},"end":{"line":585,"column":86}}]},"76":{"loc":{"start":{"line":585,"column":56},"end":{"line":585,"column":76}},"type":"binary-expr","locations":[{"start":{"line":585,"column":56},"end":{"line":585,"column":76}},{"start":{"line":585,"column":74},"end":{"line":585,"column":76}}]},"77":{"loc":{"start":{"line":586,"column":73},"end":{"line":586,"column":157}},"type":"binary-expr","locations":[{"start":{"line":586,"column":73},"end":{"line":586,"column":109}},{"start":{"line":586,"column":113},"end":{"line":586,"column":155}}]},"78":{"loc":{"start":{"line":586,"column":73},"end":{"line":586,"column":109}},"type":"cond-expr","locations":[{"start":{"line":586,"column":103},"end":{"line":586,"column":105}},{"start":{"line":586,"column":103},"end":{"line":586,"column":109}}]},"79":{"loc":{"start":{"line":586,"column":73},"end":{"line":586,"column":105}},"type":"binary-expr","locations":[{"start":{"line":586,"column":73},"end":{"line":586,"column":105}},{"start":{"line":586,"column":103},"end":{"line":586,"column":105}}]},"80":{"loc":{"start":{"line":586,"column":73},"end":{"line":586,"column":103}},"type":"cond-expr","locations":[{"start":{"line":586,"column":91},"end":{"line":586,"column":93}},{"start":{"line":586,"column":91},"end":{"line":586,"column":103}}]},"81":{"loc":{"start":{"line":586,"column":73},"end":{"line":586,"column":93}},"type":"binary-expr","locations":[{"start":{"line":586,"column":73},"end":{"line":586,"column":93}},{"start":{"line":586,"column":91},"end":{"line":586,"column":93}}]},"82":{"loc":{"start":{"line":586,"column":113},"end":{"line":586,"column":155}},"type":"cond-expr","locations":[{"start":{"line":586,"column":143},"end":{"line":586,"column":145}},{"start":{"line":586,"column":143},"end":{"line":586,"column":155}}]},"83":{"loc":{"start":{"line":586,"column":113},"end":{"line":586,"column":145}},"type":"binary-expr","locations":[{"start":{"line":586,"column":113},"end":{"line":586,"column":145}},{"start":{"line":586,"column":143},"end":{"line":586,"column":145}}]},"84":{"loc":{"start":{"line":586,"column":113},"end":{"line":586,"column":143}},"type":"cond-expr","locations":[{"start":{"line":586,"column":131},"end":{"line":586,"column":133}},{"start":{"line":586,"column":131},"end":{"line":586,"column":143}}]},"85":{"loc":{"start":{"line":586,"column":113},"end":{"line":586,"column":133}},"type":"binary-expr","locations":[{"start":{"line":586,"column":113},"end":{"line":586,"column":133}},{"start":{"line":586,"column":131},"end":{"line":586,"column":133}}]},"86":{"loc":{"start":{"line":594,"column":6},"end":{"line":596,"column":7}},"type":"if","locations":[{"start":{"line":594,"column":6},"end":{"line":596,"column":7}}]}},"s":{"0":42,"1":55,"2":21,"3":1,"4":1,"5":1,"6":1,"7":1,"8":1,"9":1,"10":1,"11":1,"12":1,"13":4,"14":1,"15":2,"16":1,"17":2,"18":1,"19":21,"20":1,"21":1,"22":1,"23":1,"24":1,"25":1,"26":1,"27":1,"28":1,"29":1,"30":4,"31":1,"32":2,"33":1,"34":2,"35":1,"36":55,"37":55,"38":55,"39":55,"40":27,"41":27,"42":27,"43":1,"44":26,"45":26,"46":1,"47":50,"48":25,"49":25,"50":25,"51":25,"52":25,"53":3,"54":3,"55":3,"56":3,"57":3,"58":3,"59":3,"60":3,"61":3,"62":3,"63":10,"64":25,"65":6,"66":6,"67":6,"68":6,"69":13,"70":25,"71":25,"72":1,"73":0,"74":0,"75":1,"76":24,"77":24,"78":24,"79":23,"80":0,"81":23,"82":0,"83":23,"84":23,"85":1,"86":1,"87":23,"88":23,"89":23,"90":23,"91":23,"92":23,"93":23,"94":1,"95":1,"96":22,"97":22,"98":0,"99":23,"100":23,"101":23,"102":22,"103":23,"104":28,"105":27,"106":27,"107":27,"108":27,"109":23,"110":23,"111":23,"112":1,"113":4,"114":1,"115":25,"116":25,"117":0,"118":50,"119":25,"120":25,"121":25,"122":25,"123":25,"124":0,"125":0,"126":0,"127":0,"128":0,"129":0,"130":0,"131":0,"132":0,"133":0,"134":25,"135":25,"136":0,"137":0,"138":0,"139":0,"140":25,"141":25,"142":25,"143":1,"144":0,"145":0,"146":1,"147":24,"148":24,"149":24,"150":24,"151":0,"152":24,"153":0,"154":24,"155":24,"156":0,"157":0,"158":24,"159":24,"160":21,"161":21,"162":21,"163":21,"164":21,"165":21,"166":21,"167":21,"168":20,"169":20,"170":3,"171":3,"172":3,"173":3,"174":3,"175":3,"176":1,"177":1,"178":3,"179":3,"180":2,"181":2,"182":2,"183":24,"184":24,"185":24,"186":23,"187":22,"188":1,"189":42},"f":{"0":55,"1":21,"2":21,"3":55,"4":25,"5":0,"6":25,"7":0,"8":21,"9":1},"b":{"0":[1,1,1,1,1,1,1,1,1,1,4,1,2,1,2,1],"1":[1,1,1,1,1,1,1,1,1,1,4,1,2,1,2,1],"2":[1,0,0,0],"3":[1,0],"4":[1,0],"5":[1,0],"6":[1,0],"7":[1,0],"8":[1,0],"9":[1,0],"10":[1,0],"11":[1,0],"12":[4,0],"13":[27,28],"14":[27,0],"15":[1],"16":[27,27,26],"17":[1],"18":[25,0],"19":[25,0],"20":[25,0],"21":[3,3,3,3,3,10],"22":[6,6,6,13],"23":[1],"24":[0,1],"25":[1,0],"26":[0,23],"27":[0,23],"28":[1,22],"29":[23,23],"30":[21,1],"31":[21,1],"32":[23],"33":[27,1],"34":[23,4],"35":[1],"36":[23,22],"37":[3,1],"38":[0],"39":[25,0],"40":[25,0],"41":[25,0],"42":[0,0,0,0,0,25],"43":[0,0,0,25],"44":[1],"45":[0,1],"46":[1,0],"47":[0,24],"48":[0,24],"49":[21,3],"50":[20,0],"51":[20,0],"52":[0,20],"53":[20,20],"54":[0,0],"55":[0,0],"56":[20,0],"57":[0,20],"58":[20,20],"59":[0,0],"60":[0,0],"61":[3],"62":[1],"63":[3,3,3,1],"64":[2,0],"65":[0,2],"66":[2,2],"67":[2,0],"68":[2,0],"69":[0,2],"70":[2,2],"71":[0,2],"72":[2,2],"73":[0,0],"74":[0,0],"75":[0,0],"76":[0,0],"77":[2,0],"78":[0,2],"79":[2,2],"80":[0,2],"81":[2,2],"82":[0,0],"83":[0,0],"84":[0,0],"85":[0,0],"86":[24]}}
}
