TN:
SF:nodes/FactoryIQ/OpcUa/FactoryiqOpcUa.node.ts
FN:12,(anonymous_9)
FN:195,(anonymous_10)
FN:216,(anonymous_11)
FN:253,(anonymous_12)
FN:275,(anonymous_13)
FN:365,(anonymous_14)
FN:432,(anonymous_15)
FN:522,(anonymous_16)
FN:535,(anonymous_17)
FN:562,(anonymous_18)
FNF:10
FNH:8
FNDA:55,(anonymous_9)
FNDA:21,(anonymous_10)
FNDA:21,(anonymous_11)
FNDA:55,(anonymous_12)
FNDA:25,(anonymous_13)
FNDA:0,(anonymous_14)
FNDA:25,(anonymous_15)
FNDA:0,(anonymous_16)
FNDA:21,(anonymous_17)
FNDA:1,(anonymous_18)
DA:9,42
DA:12,42
DA:13,55
DA:196,21
DA:197,1
DA:198,1
DA:199,1
DA:200,1
DA:201,1
DA:202,1
DA:203,1
DA:204,1
DA:205,1
DA:206,1
DA:207,4
DA:208,1
DA:209,2
DA:210,1
DA:211,2
DA:212,1
DA:217,21
DA:219,1
DA:221,1
DA:223,1
DA:225,1
DA:227,1
DA:229,1
DA:231,1
DA:233,1
DA:235,1
DA:237,1
DA:239,4
DA:241,1
DA:243,2
DA:245,1
DA:247,2
DA:249,1
DA:254,55
DA:255,55
DA:256,55
DA:258,55
DA:259,27
DA:260,27
DA:261,27
DA:262,1
DA:264,26
DA:266,26
DA:267,1
DA:275,50
DA:277,25
DA:278,25
DA:279,25
DA:280,25
DA:285,25
DA:287,3
DA:288,3
DA:290,3
DA:291,3
DA:293,3
DA:294,3
DA:296,3
DA:297,3
DA:299,3
DA:300,3
DA:302,10
DA:305,25
DA:307,6
DA:308,6
DA:311,6
DA:312,6
DA:314,13
DA:317,25
DA:333,25
DA:334,1
DA:335,0
DA:336,0
DA:338,1
DA:342,24
DA:345,24
DA:346,24
DA:348,23
DA:349,0
DA:354,23
DA:355,0
DA:361,23
DA:363,23
DA:365,1
DA:366,1
DA:369,23
DA:370,23
DA:371,23
DA:372,23
DA:373,23
DA:374,23
DA:375,1
DA:384,1
DA:386,22
DA:395,22
DA:399,0
DA:401,23
DA:402,23
DA:403,23
DA:405,22
DA:408,23
DA:409,28
DA:410,27
DA:411,27
DA:414,27
DA:415,23
DA:416,23
DA:417,23
DA:418,1
DA:420,4
DA:423,1
DA:426,25
DA:428,25
DA:429,0
DA:432,50
DA:434,25
DA:435,25
DA:436,25
DA:437,25
DA:442,25
DA:444,0
DA:445,0
DA:447,0
DA:448,0
DA:450,0
DA:451,0
DA:453,0
DA:454,0
DA:456,0
DA:457,0
DA:459,25
DA:462,25
DA:464,0
DA:465,0
DA:468,0
DA:469,0
DA:471,25
DA:474,25
DA:490,25
DA:491,1
DA:492,0
DA:493,0
DA:495,1
DA:499,24
DA:502,24
DA:503,24
DA:505,24
DA:506,0
DA:511,24
DA:512,0
DA:518,24
DA:520,24
DA:522,0
DA:523,0
DA:526,24
DA:527,24
DA:528,21
DA:529,21
DA:530,21
DA:531,21
DA:532,21
DA:533,21
DA:535,21
DA:540,21
DA:541,20
DA:550,20
DA:551,3
DA:552,3
DA:553,3
DA:554,3
DA:555,3
DA:556,3
DA:562,1
DA:567,3
DA:572,3
DA:573,2
DA:582,2
DA:585,2
DA:587,24
DA:588,24
DA:589,24
DA:591,23
DA:595,22
DA:597,1
LF:187
LH:161
BRDA:196,0,0,1
BRDA:196,0,1,1
BRDA:196,0,2,1
BRDA:196,0,3,1
BRDA:196,0,4,1
BRDA:196,0,5,1
BRDA:196,0,6,1
BRDA:196,0,7,1
BRDA:196,0,8,1
BRDA:196,0,9,1
BRDA:196,0,10,4
BRDA:196,0,11,1
BRDA:196,0,12,2
BRDA:196,0,13,1
BRDA:196,0,14,2
BRDA:196,0,15,1
BRDA:217,1,0,1
BRDA:217,1,1,1
BRDA:217,1,2,1
BRDA:217,1,3,1
BRDA:217,1,4,1
BRDA:217,1,5,1
BRDA:217,1,6,1
BRDA:217,1,7,1
BRDA:217,1,8,1
BRDA:217,1,9,1
BRDA:217,1,10,4
BRDA:217,1,11,1
BRDA:217,1,12,2
BRDA:217,1,13,1
BRDA:217,1,14,2
BRDA:217,1,15,1
BRDA:219,2,0,1
BRDA:219,2,1,0
BRDA:219,2,2,0
BRDA:219,2,3,0
BRDA:221,3,0,1
BRDA:221,3,1,0
BRDA:223,4,0,1
BRDA:223,4,1,0
BRDA:225,5,0,1
BRDA:225,5,1,0
BRDA:227,6,0,1
BRDA:227,6,1,0
BRDA:229,7,0,1
BRDA:229,7,1,0
BRDA:231,8,0,1
BRDA:231,8,1,0
BRDA:233,9,0,1
BRDA:233,9,1,0
BRDA:235,10,0,1
BRDA:235,10,1,0
BRDA:237,11,0,1
BRDA:237,11,1,0
BRDA:239,12,0,4
BRDA:239,12,1,0
BRDA:258,13,0,27
BRDA:258,13,1,28
BRDA:260,14,0,27
BRDA:260,14,1,0
BRDA:261,15,0,1
BRDA:261,16,0,27
BRDA:261,16,1,27
BRDA:261,16,2,26
BRDA:266,17,0,1
BRDA:278,18,0,25
BRDA:278,18,1,0
BRDA:279,19,0,25
BRDA:279,19,1,0
BRDA:280,20,0,25
BRDA:280,20,1,0
BRDA:285,21,0,3
BRDA:285,21,1,3
BRDA:285,21,2,3
BRDA:285,21,3,3
BRDA:285,21,4,3
BRDA:285,21,5,10
BRDA:305,22,0,6
BRDA:305,22,1,6
BRDA:305,22,2,6
BRDA:305,22,3,13
BRDA:333,23,0,1
BRDA:334,24,0,0
BRDA:334,24,1,1
BRDA:334,25,0,1
BRDA:334,25,1,0
BRDA:348,26,0,0
BRDA:348,26,1,23
BRDA:354,27,0,0
BRDA:354,27,1,23
BRDA:374,28,0,1
BRDA:374,28,1,22
BRDA:374,29,0,23
BRDA:374,29,1,23
BRDA:391,30,0,21
BRDA:391,30,1,1
BRDA:393,31,0,21
BRDA:393,31,1,1
BRDA:402,32,0,23
BRDA:409,33,0,27
BRDA:409,33,1,1
BRDA:414,34,0,23
BRDA:414,34,1,4
BRDA:417,35,0,1
BRDA:417,36,0,23
BRDA:417,36,1,22
BRDA:420,37,0,3
BRDA:420,37,1,1
BRDA:428,38,0,0
BRDA:435,39,0,25
BRDA:435,39,1,0
BRDA:436,40,0,25
BRDA:436,40,1,0
BRDA:437,41,0,25
BRDA:437,41,1,0
BRDA:442,42,0,0
BRDA:442,42,1,0
BRDA:442,42,2,0
BRDA:442,42,3,0
BRDA:442,42,4,0
BRDA:442,42,5,25
BRDA:462,43,0,0
BRDA:462,43,1,0
BRDA:462,43,2,0
BRDA:462,43,3,25
BRDA:490,44,0,1
BRDA:491,45,0,0
BRDA:491,45,1,1
BRDA:491,46,0,1
BRDA:491,46,1,0
BRDA:505,47,0,0
BRDA:505,47,1,24
BRDA:511,48,0,0
BRDA:511,48,1,24
BRDA:527,49,0,21
BRDA:527,49,1,3
BRDA:547,50,0,20
BRDA:547,50,1,0
BRDA:547,51,0,20
BRDA:547,51,1,0
BRDA:547,52,0,0
BRDA:547,52,1,20
BRDA:547,53,0,20
BRDA:547,53,1,20
BRDA:547,54,0,0
BRDA:547,54,1,0
BRDA:547,55,0,0
BRDA:547,55,1,0
BRDA:548,56,0,20
BRDA:548,56,1,0
BRDA:548,57,0,0
BRDA:548,57,1,20
BRDA:548,58,0,20
BRDA:548,58,1,20
BRDA:548,59,0,0
BRDA:548,59,1,0
BRDA:548,60,0,0
BRDA:548,60,1,0
BRDA:551,61,0,3
BRDA:556,62,0,1
BRDA:557,63,0,3
BRDA:557,63,1,3
BRDA:557,63,2,3
BRDA:557,63,3,1
BRDA:578,64,0,2
BRDA:578,64,1,0
BRDA:578,65,0,0
BRDA:578,65,1,2
BRDA:578,66,0,2
BRDA:578,66,1,2
BRDA:579,67,0,2
BRDA:579,67,1,0
BRDA:579,68,0,2
BRDA:579,68,1,0
BRDA:579,69,0,0
BRDA:579,69,1,2
BRDA:579,70,0,2
BRDA:579,70,1,2
BRDA:579,71,0,0
BRDA:579,71,1,2
BRDA:579,72,0,2
BRDA:579,72,1,2
BRDA:579,73,0,0
BRDA:579,73,1,0
BRDA:579,74,0,0
BRDA:579,74,1,0
BRDA:579,75,0,0
BRDA:579,75,1,0
BRDA:579,76,0,0
BRDA:579,76,1,0
BRDA:580,77,0,2
BRDA:580,77,1,0
BRDA:580,78,0,0
BRDA:580,78,1,2
BRDA:580,79,0,2
BRDA:580,79,1,2
BRDA:580,80,0,0
BRDA:580,80,1,2
BRDA:580,81,0,2
BRDA:580,81,1,2
BRDA:580,82,0,0
BRDA:580,82,1,0
BRDA:580,83,0,0
BRDA:580,83,1,0
BRDA:580,84,0,0
BRDA:580,84,1,0
BRDA:580,85,0,0
BRDA:580,85,1,0
BRDA:588,86,0,24
BRF:209
BRH:134
end_of_record
