TN:
SF:nodes/FactoryIQ/OpcUa/OpcUa.node.ts
FN:12,(anonymous_9)
FN:201,(anonymous_10)
FN:222,(anonymous_11)
FN:259,(anonymous_12)
FN:281,(anonymous_13)
FN:371,(anonymous_14)
FN:438,(anonymous_15)
FN:528,(anonymous_16)
FN:541,(anonymous_17)
FN:568,(anonymous_18)
FNF:10
FNH:8
FNDA:55,(anonymous_9)
FNDA:21,(anonymous_10)
FNDA:21,(anonymous_11)
FNDA:55,(anonymous_12)
FNDA:25,(anonymous_13)
FNDA:0,(anonymous_14)
FNDA:25,(anonymous_15)
FNDA:0,(anonymous_16)
FNDA:21,(anonymous_17)
FNDA:1,(anonymous_18)
DA:9,42
DA:12,42
DA:13,55
DA:202,21
DA:203,1
DA:204,1
DA:205,1
DA:206,1
DA:207,1
DA:208,1
DA:209,1
DA:210,1
DA:211,1
DA:212,1
DA:213,4
DA:214,1
DA:215,2
DA:216,1
DA:217,2
DA:218,1
DA:223,21
DA:225,1
DA:227,1
DA:229,1
DA:231,1
DA:233,1
DA:235,1
DA:237,1
DA:239,1
DA:241,1
DA:243,1
DA:245,4
DA:247,1
DA:249,2
DA:251,1
DA:253,2
DA:255,1
DA:260,55
DA:261,55
DA:262,55
DA:264,55
DA:265,27
DA:266,27
DA:267,27
DA:268,1
DA:270,26
DA:272,26
DA:273,1
DA:281,50
DA:283,25
DA:284,25
DA:285,25
DA:286,25
DA:291,25
DA:293,3
DA:294,3
DA:296,3
DA:297,3
DA:299,3
DA:300,3
DA:302,3
DA:303,3
DA:305,3
DA:306,3
DA:308,10
DA:311,25
DA:313,6
DA:314,6
DA:317,6
DA:318,6
DA:320,13
DA:323,25
DA:339,25
DA:340,1
DA:341,0
DA:342,0
DA:344,1
DA:348,24
DA:351,24
DA:352,24
DA:354,23
DA:355,0
DA:360,23
DA:361,0
DA:367,23
DA:369,23
DA:371,1
DA:372,1
DA:375,23
DA:376,23
DA:377,23
DA:378,23
DA:379,23
DA:380,23
DA:381,1
DA:390,1
DA:392,22
DA:401,22
DA:405,0
DA:407,23
DA:408,23
DA:409,23
DA:411,22
DA:414,23
DA:415,28
DA:416,27
DA:417,27
DA:420,27
DA:421,23
DA:422,23
DA:423,23
DA:424,1
DA:426,4
DA:429,1
DA:432,25
DA:434,25
DA:435,0
DA:438,50
DA:440,25
DA:441,25
DA:442,25
DA:443,25
DA:448,25
DA:450,0
DA:451,0
DA:453,0
DA:454,0
DA:456,0
DA:457,0
DA:459,0
DA:460,0
DA:462,0
DA:463,0
DA:465,25
DA:468,25
DA:470,0
DA:471,0
DA:474,0
DA:475,0
DA:477,25
DA:480,25
DA:496,25
DA:497,1
DA:498,0
DA:499,0
DA:501,1
DA:505,24
DA:508,24
DA:509,24
DA:511,24
DA:512,0
DA:517,24
DA:518,0
DA:524,24
DA:526,24
DA:528,0
DA:529,0
DA:532,24
DA:533,24
DA:534,21
DA:535,21
DA:536,21
DA:537,21
DA:538,21
DA:539,21
DA:541,21
DA:546,21
DA:547,20
DA:556,20
DA:557,3
DA:558,3
DA:559,3
DA:560,3
DA:561,3
DA:562,3
DA:568,1
DA:573,3
DA:578,3
DA:579,2
DA:588,2
DA:591,2
DA:593,24
DA:594,24
DA:595,24
DA:597,23
DA:601,22
DA:603,1
LF:187
LH:161
BRDA:202,0,0,1
BRDA:202,0,1,1
BRDA:202,0,2,1
BRDA:202,0,3,1
BRDA:202,0,4,1
BRDA:202,0,5,1
BRDA:202,0,6,1
BRDA:202,0,7,1
BRDA:202,0,8,1
BRDA:202,0,9,1
BRDA:202,0,10,4
BRDA:202,0,11,1
BRDA:202,0,12,2
BRDA:202,0,13,1
BRDA:202,0,14,2
BRDA:202,0,15,1
BRDA:223,1,0,1
BRDA:223,1,1,1
BRDA:223,1,2,1
BRDA:223,1,3,1
BRDA:223,1,4,1
BRDA:223,1,5,1
BRDA:223,1,6,1
BRDA:223,1,7,1
BRDA:223,1,8,1
BRDA:223,1,9,1
BRDA:223,1,10,4
BRDA:223,1,11,1
BRDA:223,1,12,2
BRDA:223,1,13,1
BRDA:223,1,14,2
BRDA:223,1,15,1
BRDA:225,2,0,1
BRDA:225,2,1,0
BRDA:225,2,2,0
BRDA:225,2,3,0
BRDA:227,3,0,1
BRDA:227,3,1,0
BRDA:229,4,0,1
BRDA:229,4,1,0
BRDA:231,5,0,1
BRDA:231,5,1,0
BRDA:233,6,0,1
BRDA:233,6,1,0
BRDA:235,7,0,1
BRDA:235,7,1,0
BRDA:237,8,0,1
BRDA:237,8,1,0
BRDA:239,9,0,1
BRDA:239,9,1,0
BRDA:241,10,0,1
BRDA:241,10,1,0
BRDA:243,11,0,1
BRDA:243,11,1,0
BRDA:245,12,0,4
BRDA:245,12,1,0
BRDA:264,13,0,27
BRDA:264,13,1,28
BRDA:266,14,0,27
BRDA:266,14,1,0
BRDA:267,15,0,1
BRDA:267,16,0,27
BRDA:267,16,1,27
BRDA:267,16,2,26
BRDA:272,17,0,1
BRDA:284,18,0,25
BRDA:284,18,1,0
BRDA:285,19,0,25
BRDA:285,19,1,0
BRDA:286,20,0,25
BRDA:286,20,1,0
BRDA:291,21,0,3
BRDA:291,21,1,3
BRDA:291,21,2,3
BRDA:291,21,3,3
BRDA:291,21,4,3
BRDA:291,21,5,10
BRDA:311,22,0,6
BRDA:311,22,1,6
BRDA:311,22,2,6
BRDA:311,22,3,13
BRDA:339,23,0,1
BRDA:340,24,0,0
BRDA:340,24,1,1
BRDA:340,25,0,1
BRDA:340,25,1,0
BRDA:354,26,0,0
BRDA:354,26,1,23
BRDA:360,27,0,0
BRDA:360,27,1,23
BRDA:380,28,0,1
BRDA:380,28,1,22
BRDA:380,29,0,23
BRDA:380,29,1,23
BRDA:397,30,0,21
BRDA:397,30,1,1
BRDA:399,31,0,21
BRDA:399,31,1,1
BRDA:408,32,0,23
BRDA:415,33,0,27
BRDA:415,33,1,1
BRDA:420,34,0,23
BRDA:420,34,1,4
BRDA:423,35,0,1
BRDA:423,36,0,23
BRDA:423,36,1,22
BRDA:426,37,0,3
BRDA:426,37,1,1
BRDA:434,38,0,0
BRDA:441,39,0,25
BRDA:441,39,1,0
BRDA:442,40,0,25
BRDA:442,40,1,0
BRDA:443,41,0,25
BRDA:443,41,1,0
BRDA:448,42,0,0
BRDA:448,42,1,0
BRDA:448,42,2,0
BRDA:448,42,3,0
BRDA:448,42,4,0
BRDA:448,42,5,25
BRDA:468,43,0,0
BRDA:468,43,1,0
BRDA:468,43,2,0
BRDA:468,43,3,25
BRDA:496,44,0,1
BRDA:497,45,0,0
BRDA:497,45,1,1
BRDA:497,46,0,1
BRDA:497,46,1,0
BRDA:511,47,0,0
BRDA:511,47,1,24
BRDA:517,48,0,0
BRDA:517,48,1,24
BRDA:533,49,0,21
BRDA:533,49,1,3
BRDA:553,50,0,20
BRDA:553,50,1,0
BRDA:553,51,0,20
BRDA:553,51,1,0
BRDA:553,52,0,0
BRDA:553,52,1,20
BRDA:553,53,0,20
BRDA:553,53,1,20
BRDA:553,54,0,0
BRDA:553,54,1,0
BRDA:553,55,0,0
BRDA:553,55,1,0
BRDA:554,56,0,20
BRDA:554,56,1,0
BRDA:554,57,0,0
BRDA:554,57,1,20
BRDA:554,58,0,20
BRDA:554,58,1,20
BRDA:554,59,0,0
BRDA:554,59,1,0
BRDA:554,60,0,0
BRDA:554,60,1,0
BRDA:557,61,0,3
BRDA:562,62,0,1
BRDA:563,63,0,3
BRDA:563,63,1,3
BRDA:563,63,2,3
BRDA:563,63,3,1
BRDA:584,64,0,2
BRDA:584,64,1,0
BRDA:584,65,0,0
BRDA:584,65,1,2
BRDA:584,66,0,2
BRDA:584,66,1,2
BRDA:585,67,0,2
BRDA:585,67,1,0
BRDA:585,68,0,2
BRDA:585,68,1,0
BRDA:585,69,0,0
BRDA:585,69,1,2
BRDA:585,70,0,2
BRDA:585,70,1,2
BRDA:585,71,0,0
BRDA:585,71,1,2
BRDA:585,72,0,2
BRDA:585,72,1,2
BRDA:585,73,0,0
BRDA:585,73,1,0
BRDA:585,74,0,0
BRDA:585,74,1,0
BRDA:585,75,0,0
BRDA:585,75,1,0
BRDA:585,76,0,0
BRDA:585,76,1,0
BRDA:586,77,0,2
BRDA:586,77,1,0
BRDA:586,78,0,0
BRDA:586,78,1,2
BRDA:586,79,0,2
BRDA:586,79,1,2
BRDA:586,80,0,0
BRDA:586,80,1,2
BRDA:586,81,0,2
BRDA:586,81,1,2
BRDA:586,82,0,0
BRDA:586,82,1,0
BRDA:586,83,0,0
BRDA:586,83,1,0
BRDA:586,84,0,0
BRDA:586,84,1,0
BRDA:586,85,0,0
BRDA:586,85,1,0
BRDA:594,86,0,24
BRF:209
BRH:134
end_of_record
